#
# A fatal error has been detected by the Java Runtime Environment:
#
#  EXCEPTION_ACCESS_VIOLATION (0xc0000005) at pc=0x00007ffd1a545f62, pid=8168, tid=1380
#
# JRE version: OpenJDK Runtime Environment (14.0.2+12) (build 14.0.2+12-46)
# Java VM: OpenJDK 64-Bit Server VM (14.0.2+12-46, mixed mode, tiered, compressed oops, g1 gc, windows-amd64)
# Problematic frame:
# V  [jvm.dll+0x105f62]
#
# No core dump will be written. Minidumps are not enabled by default on client versions of Windows
#
# If you would like to submit a bug report, please visit:
#   https://bugreport.java.com/bugreport/crash.jsp
#

---------------  S U M M A R Y ------------

Command Line: -Dfile.encoding=UTF-8 -XX:+ShowCodeDetailsInExceptionMessages com.example.apitouristspot.ApitouristspotApplication

Host: Intel(R) Core(TM) i5-7400 CPU @ 3.00GHz, 4 cores, 15G,  Windows 10 , 64 bit Build 19041 (10.0.19041.804)
Time: Wed Feb 24 18:51:25 2021 Hora oficial do Brasil elapsed time: 2 seconds (0d 0h 0m 2s)

---------------  T H R E A D  ---------------

Current thread (0x00000282b3dfb000):  JavaThread "C2 CompilerThread1" daemon [_thread_in_native, id=1380, stack(0x000000bd93f00000,0x000000bd94000000)]


Current CompileTask:
C2:   2976 3018       4       org.springframework.beans.factory.support.AbstractBeanFactory::isTypeMatch (607 bytes)

Stack: [0x000000bd93f00000,0x000000bd94000000],  sp=0x000000bd93ffb690,  free space=1005k
Native frames: (J=compiled Java code, j=interpreted, Vv=VM code, C=native code)
V  [jvm.dll+0x105f62]
V  [jvm.dll+0x1051fe]
V  [jvm.dll+0x5fdbb9]
V  [jvm.dll+0x1e614a]
V  [jvm.dll+0x1e50b8]
V  [jvm.dll+0x1779cc]
V  [jvm.dll+0x1f4105]
V  [jvm.dll+0x1f22eb]
V  [jvm.dll+0x7070cd]
V  [jvm.dll+0x6ffeda]
V  [jvm.dll+0x5f78f6]
C  [ucrtbase.dll+0x21bb2]
C  [KERNEL32.DLL+0x17034]
C  [ntdll.dll+0x4d241]


siginfo: EXCEPTION_ACCESS_VIOLATION (0xc0000005), reading address 0x00000283223dd8d2


Register to memory mapping:

RIP=0x00007ffd1a545f62 jvm.dll
RAX=0x00000282b7e5dfd0 points into unknown readable memory: ff ff ff ff ff ff ff ff
RBX=0x0000000000000003 is an unknown value
RCX=0x000000001a95fe40 is an unknown value
RDX=0xffffffffffffffff is an unknown value
RSP=0x000000bd93ffb690 is pointing into the stack for thread: 0x00000282b3dfb000
RBP=0x0 is NULL
RSI=0x00000282b718a69c points into unknown readable memory: 00 30 00 c0
RDI=0x00000282b53ffe70 points into unknown readable memory: d8 2a c5 1a fd 7f 00 00
R8 =0xffffffffffffffff is an unknown value
R9 =0x00007ffd1abf5058 jvm.dll
R10=0x000000bd93ffbca0 is pointing into the stack for thread: 0x00000282b3dfb000
R11=0x0 is NULL
R12=0x0 is NULL
R13=0x0000000000000001 is an unknown value
R14=0x0 is NULL
R15=0x00000282b452bd58 points into unknown readable memory: 58 50 bf 1a fd 7f 00 00


Registers:
RAX=0x00000282b7e5dfd0, RBX=0x0000000000000003, RCX=0x000000001a95fe40, RDX=0xffffffffffffffff
RSP=0x000000bd93ffb690, RBP=0x0000000000000000, RSI=0x00000282b718a69c, RDI=0x00000282b53ffe70
R8 =0xffffffffffffffff, R9 =0x00007ffd1abf5058, R10=0x000000bd93ffbca0, R11=0x0000000000000000
R12=0x0000000000000000, R13=0x0000000000000001, R14=0x0000000000000000, R15=0x00000282b452bd58
RIP=0x00007ffd1a545f62, EFLAGS=0x0000000000010287

Top of Stack: (sp=0x000000bd93ffb690)
0x000000bd93ffb690:   0000000000000060 0000000000000015
0x000000bd93ffb6a0:   00000282b718a69c 00000282b718a69c
0x000000bd93ffb6b0:   0000028200000001 00000282b7167fb0
0x000000bd93ffb6c0:   0000000000000015 00000282b452bd58
0x000000bd93ffb6d0:   00000000000000ac 00000000000226ec
0x000000bd93ffb6e0:   0000000000000000 00000282b7928f00
0x000000bd93ffb6f0:   00007ffd1ac58650 0000000000000008
0x000000bd93ffb700:   000000bd93ffe1c0 00000282b4c79720
0x000000bd93ffb710:   0000000000000287 0000000000000000
0x000000bd93ffb720:   000000bd93ffe1c0 000000bd93ffb7e9
0x000000bd93ffb730:   0000000000000015 00007ffd1a5451fe
0x000000bd93ffb740:   000000bd93ffbca0 000000bd93ffbc00
0x000000bd93ffb750:   000000bd93ffb770 00007ffd00000015
0x000000bd93ffb760:   00000282b4c79720 00000282b4662e30
0x000000bd93ffb770:   0000000000000100 00000282b4c79720
0x000000bd93ffb780:   00000282b599ef10 00000000000000a7 

Instructions: (pc=0x00007ffd1a545f62)
0x00007ffd1a545e62:   2b c6 4a 8d 04 8e 48 8b d5 49 2b d1 66 90 42 8b
0x00007ffd1a545e72:   0c 00 09 08 48 8d 40 04 48 83 ea 01 75 f0 41 ff
0x00007ffd1a545e82:   c2 45 3b 57 48 0f 82 03 ff ff ff 45 8b 67 28 41
0x00007ffd1a545e92:   83 ec 01 44 89 64 24 20 4d 63 ec 0f 88 88 02 00
0x00007ffd1a545ea2:   00 45 3b 67 18 73 0a 49 8b 47 20 4a 8b 3c e8 eb
0x00007ffd1a545eb2:   03 49 8b fb 8b 4f 28 4c 8b 94 24 b0 00 00 00 49
0x00007ffd1a545ec2:   8b 42 18 4c 0f bf 44 88 02 48 0f bf 14 88 41 83
0x00007ffd1a545ed2:   f8 ff 74 18 49 8b c0 41 83 e0 1f 48 c1 f8 05 48
0x00007ffd1a545ee2:   8d 0c 86 8b 04 86 44 0f b3 c0 89 01 83 fa ff 74
0x00007ffd1a545ef2:   16 48 8b c2 83 e2 1f 48 c1 f8 05 48 8d 0c 86 8b
0x00007ffd1a545f02:   04 86 0f b3 d0 89 01 0f b6 47 2c 4c 8b f7 24 03
0x00007ffd1a545f12:   3c 02 4d 0f 45 f3 40 32 ed 4d 85 f6 74 0d 41 0f
0x00007ffd1a545f22:   b6 6e 2e 40 c0 ed 05 40 80 e5 01 bb 01 00 00 00
0x00007ffd1a545f32:   39 5f 18 0f 86 1a 01 00 00 4c 8b 7c 24 38 45 33
0x00007ffd1a545f42:   e4 0f 1f 40 00 66 0f 1f 84 00 00 00 00 00 48 8b
0x00007ffd1a545f52:   47 08 8b cb 4c 8b 0c c8 49 8b 42 18 41 8b 49 28
0x00007ffd1a545f62:   4c 0f bf 44 88 02 48 0f bf 14 88 41 83 f8 ff 74
0x00007ffd1a545f72:   18 49 8b c0 41 83 e0 1f 48 c1 f8 05 48 8d 0c 86
0x00007ffd1a545f82:   8b 04 86 44 0f ab c0 89 01 83 fa ff 74 16 48 8b
0x00007ffd1a545f92:   c2 83 e2 1f 48 c1 f8 05 48 8d 0c 86 8b 04 86 0f
0x00007ffd1a545fa2:   ab d0 89 01 40 84 ed 0f 84 91 00 00 00 4d 3b cf
0x00007ffd1a545fb2:   0f 85 88 00 00 00 4c 8d 44 24 50 4c 89 64 24 50
0x00007ffd1a545fc2:   48 8d 54 24 40 49 8b ce e8 21 a3 41 00 48 83 f8
0x00007ffd1a545fd2:   ff 74 63 49 3b c7 75 5e 48 8b 4c 24 40 48 81 f9
0x00007ffd1a545fe2:   ff 6b ca 88 74 50 48 8b c1 48 99 83 e2 03 48 03
0x00007ffd1a545ff2:   c2 83 e0 03 48 2b c2 48 2b c8 48 89 4c 24 40 8b
0x00007ffd1a546002:   d1 48 8b 8c 24 b0 00 00 00 e8 30 38 54 00 3b 05
0x00007ffd1a546012:   1a c7 8e 00 4c 8b 94 24 b0 00 00 00 7c 20 48 63
0x00007ffd1a546022:   c8 83 e0 1f 48 c1 f9 05 48 8d 14 8e 8b 0c 8e 0f
0x00007ffd1a546032:   ab c1 89 0a eb 08 4c 8b 94 24 b0 00 00 00 ff c3
0x00007ffd1a546042:   3b 5f 18 0f 82 05 ff ff ff 4c 8b 7c 24 58 44 8b
0x00007ffd1a546052:   64 24 20 48 8b 07 48 8b cf ff 90 88 00 00 00 48 


Stack slot to memory mapping:
stack at sp + 0 slots: 0x0000000000000060 is an unknown value
stack at sp + 1 slots: 0x0000000000000015 is an unknown value
stack at sp + 2 slots: 0x00000282b718a69c points into unknown readable memory: 00 30 00 c0
stack at sp + 3 slots: 0x00000282b718a69c points into unknown readable memory: 00 30 00 c0
stack at sp + 4 slots: 0x0000028200000001 is an unknown value
stack at sp + 5 slots: 0x00000282b7167fb0 points into unknown readable memory: 00 00 00 00 00 00 00 00
stack at sp + 6 slots: 0x0000000000000015 is an unknown value
stack at sp + 7 slots: 0x00000282b452bd58 points into unknown readable memory: 58 50 bf 1a fd 7f 00 00


---------------  P R O C E S S  ---------------

Threads class SMR info:
_java_thread_list=0x00000282b5a51250, length=14, elements={
0x00000282949a8000, 0x00000282b3c18800, 0x00000282b3c19800, 0x00000282b3c3f800,
0x00000282b3c42800, 0x00000282b3c43800, 0x00000282b3c50000, 0x00000282b3c53800,
0x00000282b3cbd000, 0x00000282b3df8800, 0x00000282b3def800, 0x00000282b3dfb000,
0x00000282b469b000, 0x00000282b4861800
}

Java Threads: ( => current thread )
  0x00000282949a8000 JavaThread "main" [_thread_blocked, id=1316, stack(0x000000bd92900000,0x000000bd92a00000)]
  0x00000282b3c18800 JavaThread "Reference Handler" daemon [_thread_blocked, id=1084, stack(0x000000bd93000000,0x000000bd93100000)]
  0x00000282b3c19800 JavaThread "Finalizer" daemon [_thread_blocked, id=12512, stack(0x000000bd93100000,0x000000bd93200000)]
  0x00000282b3c3f800 JavaThread "Signal Dispatcher" daemon [_thread_blocked, id=4456, stack(0x000000bd93200000,0x000000bd93300000)]
  0x00000282b3c42800 JavaThread "Attach Listener" daemon [_thread_blocked, id=4296, stack(0x000000bd93300000,0x000000bd93400000)]
  0x00000282b3c43800 JavaThread "Service Thread" daemon [_thread_blocked, id=9236, stack(0x000000bd93400000,0x000000bd93500000)]
  0x00000282b3c50000 JavaThread "C2 CompilerThread0" daemon [_thread_in_native, id=13460, stack(0x000000bd93500000,0x000000bd93600000)]
  0x00000282b3c53800 JavaThread "C1 CompilerThread0" daemon [_thread_blocked, id=10660, stack(0x000000bd93600000,0x000000bd93700000)]
  0x00000282b3cbd000 JavaThread "Sweeper thread" daemon [_thread_blocked, id=12980, stack(0x000000bd93700000,0x000000bd93800000)]
  0x00000282b3df8800 JavaThread "Notification Thread" daemon [_thread_blocked, id=14236, stack(0x000000bd93800000,0x000000bd93900000)]
  0x00000282b3def800 JavaThread "Common-Cleaner" daemon [_thread_blocked, id=12952, stack(0x000000bd93a00000,0x000000bd93b00000)]
=>0x00000282b3dfb000 JavaThread "C2 CompilerThread1" daemon [_thread_in_native, id=1380, stack(0x000000bd93f00000,0x000000bd94000000)]
  0x00000282b469b000 JavaThread "Thread-0" [_thread_blocked, id=9804, stack(0x000000bd94000000,0x000000bd94100000)]
  0x00000282b4861800 JavaThread "restartedMain" [_thread_in_vm, id=7972, stack(0x000000bd94100000,0x000000bd94200000)]

Other Threads:
  0x00000282b3c04000 VMThread "VM Thread" [stack: 0x000000bd92f00000,0x000000bd93000000] [id=8456] _threads_hazard_ptr=0x00000282b5a51250
  0x00000282b3de2800 WatcherThread [stack: 0x000000bd93900000,0x000000bd93a00000] [id=13704]
  0x0000028294a0e000 GCTaskThread "GC Thread#0" [stack: 0x000000bd92a00000,0x000000bd92b00000] [id=13692]
  0x00000282b4d09800 GCTaskThread "GC Thread#1" [stack: 0x000000bd93b00000,0x000000bd93c00000] [id=13772]
  0x00000282b4ce1000 GCTaskThread "GC Thread#2" [stack: 0x000000bd93c00000,0x000000bd93d00000] [id=13536]
  0x00000282b4c30000 GCTaskThread "GC Thread#3" [stack: 0x000000bd93d00000,0x000000bd93e00000] [id=9008]
  0x0000028294a32800 ConcurrentGCThread "G1 Main Marker" [stack: 0x000000bd92b00000,0x000000bd92c00000] [id=8740]
  0x0000028294a33800 ConcurrentGCThread "G1 Conc#0" [stack: 0x000000bd92c00000,0x000000bd92d00000] [id=12536]
  0x00000282b3221800 ConcurrentGCThread "G1 Refine#0" [stack: 0x000000bd92d00000,0x000000bd92e00000] [id=2136]
  0x00000282b3f5e000 ConcurrentGCThread "G1 Refine#1" [stack: 0x000000bd93e00000,0x000000bd93f00000] [id=13228]
  0x00000282b3224800 ConcurrentGCThread "G1 Young RemSet Sampling" [stack: 0x000000bd92e00000,0x000000bd92f00000] [id=13144]

Threads with active compile tasks:
C2 CompilerThread0     3102 3287       4       java.util.Properties::loadConvert (544 bytes)
C2 CompilerThread1     3102 3018       4       org.springframework.beans.factory.support.AbstractBeanFactory::isTypeMatch (607 bytes)

VM state:not at safepoint (normal execution)

VM Mutex/Monitor currently owned by a thread:  ([mutex/lock_event])
[0x00000282949a45f0] Compile_lock - owner thread: 0x00000282b4861800

Heap address: 0x0000000700a00000, size: 4086 MB, Compressed Oops mode: Zero based, Oop shift amount: 3
Narrow klass base: 0x0000000800000000, Narrow klass shift: 0
Compressed class space size: 1073741824 Address: 0x0000000800000000

Heap:
 garbage-first heap   total 150528K, used 75262K [0x0000000700a00000, 0x0000000800000000)
  region size 1024K, 68 young (69632K), 4 survivors (4096K)
 Metaspace       used 34196K, capacity 35152K, committed 35248K, reserved 1081344K
  class space    used 3973K, capacity 4324K, committed 4352K, reserved 1048576K
Heap Regions: E=young(eden), S=young(survivor), O=old, HS=humongous(starts), HC=humongous(continues), CS=collection set, F=free, OA=open archive, CA=closed archive, TAMS=top-at-mark-start (previous, next)
|   0|0x0000000700a00000, 0x0000000700b00000, 0x0000000700b00000|100%|HS|  |TAMS 0x0000000700b00000, 0x0000000700a00000| Complete 
|   1|0x0000000700b00000, 0x0000000700c00000, 0x0000000700c00000|100%| O|  |TAMS 0x0000000700c00000, 0x0000000700b00000| Untracked 
|   2|0x0000000700c00000, 0x0000000700d00000, 0x0000000700d00000|100%| O|  |TAMS 0x0000000700d00000, 0x0000000700c00000| Untracked 
|   3|0x0000000700d00000, 0x0000000700e00000, 0x0000000700e00000|100%| O|  |TAMS 0x0000000700e00000, 0x0000000700d00000| Untracked 
|   4|0x0000000700e00000, 0x0000000700f00000, 0x0000000700f00000|100%| O|  |TAMS 0x0000000700f00000, 0x0000000700e00000| Untracked 
|   5|0x0000000700f00000, 0x0000000700fbb800, 0x0000000701000000| 73%| O|  |TAMS 0x0000000700fbb800, 0x0000000700f00000| Untracked 
|   6|0x0000000701000000, 0x0000000701100000, 0x0000000701100000|100%| O|  |TAMS 0x0000000701000000, 0x0000000701000000| Untracked 
|   7|0x0000000701100000, 0x0000000701200000, 0x0000000701200000|100%| O|  |TAMS 0x0000000701100000, 0x0000000701100000| Untracked 
|   8|0x0000000701200000, 0x0000000701229600, 0x0000000701300000| 16%| O|  |TAMS 0x0000000701200000, 0x0000000701200000| Untracked 
|   9|0x0000000701300000, 0x0000000701300000, 0x0000000701400000|  0%| F|  |TAMS 0x0000000701300000, 0x0000000701300000| Untracked 
|  10|0x0000000701400000, 0x0000000701400000, 0x0000000701500000|  0%| F|  |TAMS 0x0000000701400000, 0x0000000701400000| Untracked 
|  11|0x0000000701500000, 0x0000000701500000, 0x0000000701600000|  0%| F|  |TAMS 0x0000000701500000, 0x0000000701500000| Untracked 
|  12|0x0000000701600000, 0x0000000701600000, 0x0000000701700000|  0%| F|  |TAMS 0x0000000701600000, 0x0000000701600000| Untracked 
|  13|0x0000000701700000, 0x0000000701700000, 0x0000000701800000|  0%| F|  |TAMS 0x0000000701700000, 0x0000000701700000| Untracked 
|  14|0x0000000701800000, 0x0000000701800000, 0x0000000701900000|  0%| F|  |TAMS 0x0000000701800000, 0x0000000701800000| Untracked 
|  15|0x0000000701900000, 0x0000000701900000, 0x0000000701a00000|  0%| F|  |TAMS 0x0000000701900000, 0x0000000701900000| Untracked 
|  16|0x0000000701a00000, 0x0000000701a00000, 0x0000000701b00000|  0%| F|  |TAMS 0x0000000701a00000, 0x0000000701a00000| Untracked 
|  17|0x0000000701b00000, 0x0000000701b00000, 0x0000000701c00000|  0%| F|  |TAMS 0x0000000701b00000, 0x0000000701b00000| Untracked 
|  18|0x0000000701c00000, 0x0000000701c00000, 0x0000000701d00000|  0%| F|  |TAMS 0x0000000701c00000, 0x0000000701c00000| Untracked 
|  19|0x0000000701d00000, 0x0000000701d00000, 0x0000000701e00000|  0%| F|  |TAMS 0x0000000701d00000, 0x0000000701d00000| Untracked 
|  20|0x0000000701e00000, 0x0000000701e00000, 0x0000000701f00000|  0%| F|  |TAMS 0x0000000701e00000, 0x0000000701e00000| Untracked 
|  21|0x0000000701f00000, 0x0000000701f00000, 0x0000000702000000|  0%| F|  |TAMS 0x0000000701f00000, 0x0000000701f00000| Untracked 
|  22|0x0000000702000000, 0x0000000702000000, 0x0000000702100000|  0%| F|  |TAMS 0x0000000702000000, 0x0000000702000000| Untracked 
|  23|0x0000000702100000, 0x0000000702100000, 0x0000000702200000|  0%| F|  |TAMS 0x0000000702100000, 0x0000000702100000| Untracked 
|  24|0x0000000702200000, 0x0000000702200000, 0x0000000702300000|  0%| F|  |TAMS 0x0000000702200000, 0x0000000702200000| Untracked 
|  25|0x0000000702300000, 0x0000000702300000, 0x0000000702400000|  0%| F|  |TAMS 0x0000000702300000, 0x0000000702300000| Untracked 
|  26|0x0000000702400000, 0x0000000702400000, 0x0000000702500000|  0%| F|  |TAMS 0x0000000702400000, 0x0000000702400000| Untracked 
|  27|0x0000000702500000, 0x0000000702500000, 0x0000000702600000|  0%| F|  |TAMS 0x0000000702500000, 0x0000000702500000| Untracked 
|  28|0x0000000702600000, 0x0000000702600000, 0x0000000702700000|  0%| F|  |TAMS 0x0000000702600000, 0x0000000702600000| Untracked 
|  29|0x0000000702700000, 0x0000000702700000, 0x0000000702800000|  0%| F|  |TAMS 0x0000000702700000, 0x0000000702700000| Untracked 
|  30|0x0000000702800000, 0x0000000702800000, 0x0000000702900000|  0%| F|  |TAMS 0x0000000702800000, 0x0000000702800000| Untracked 
|  31|0x0000000702900000, 0x0000000702900000, 0x0000000702a00000|  0%| F|  |TAMS 0x0000000702900000, 0x0000000702900000| Untracked 
|  32|0x0000000702a00000, 0x0000000702a00000, 0x0000000702b00000|  0%| F|  |TAMS 0x0000000702a00000, 0x0000000702a00000| Untracked 
|  33|0x0000000702b00000, 0x0000000702b00000, 0x0000000702c00000|  0%| F|  |TAMS 0x0000000702b00000, 0x0000000702b00000| Untracked 
|  34|0x0000000702c00000, 0x0000000702c00000, 0x0000000702d00000|  0%| F|  |TAMS 0x0000000702c00000, 0x0000000702c00000| Untracked 
|  35|0x0000000702d00000, 0x0000000702d00000, 0x0000000702e00000|  0%| F|  |TAMS 0x0000000702d00000, 0x0000000702d00000| Untracked 
|  36|0x0000000702e00000, 0x0000000702e00000, 0x0000000702f00000|  0%| F|  |TAMS 0x0000000702e00000, 0x0000000702e00000| Untracked 
|  37|0x0000000702f00000, 0x0000000702f00000, 0x0000000703000000|  0%| F|  |TAMS 0x0000000702f00000, 0x0000000702f00000| Untracked 
|  38|0x0000000703000000, 0x0000000703000000, 0x0000000703100000|  0%| F|  |TAMS 0x0000000703000000, 0x0000000703000000| Untracked 
|  39|0x0000000703100000, 0x0000000703100000, 0x0000000703200000|  0%| F|  |TAMS 0x0000000703100000, 0x0000000703100000| Untracked 
|  40|0x0000000703200000, 0x0000000703200000, 0x0000000703300000|  0%| F|  |TAMS 0x0000000703200000, 0x0000000703200000| Untracked 
|  41|0x0000000703300000, 0x0000000703300000, 0x0000000703400000|  0%| F|  |TAMS 0x0000000703300000, 0x0000000703300000| Untracked 
|  42|0x0000000703400000, 0x0000000703400000, 0x0000000703500000|  0%| F|  |TAMS 0x0000000703400000, 0x0000000703400000| Untracked 
|  43|0x0000000703500000, 0x0000000703500000, 0x0000000703600000|  0%| F|  |TAMS 0x0000000703500000, 0x0000000703500000| Untracked 
|  44|0x0000000703600000, 0x0000000703600000, 0x0000000703700000|  0%| F|  |TAMS 0x0000000703600000, 0x0000000703600000| Untracked 
|  45|0x0000000703700000, 0x0000000703700000, 0x0000000703800000|  0%| F|  |TAMS 0x0000000703700000, 0x0000000703700000| Untracked 
|  46|0x0000000703800000, 0x0000000703800000, 0x0000000703900000|  0%| F|  |TAMS 0x0000000703800000, 0x0000000703800000| Untracked 
|  47|0x0000000703900000, 0x0000000703900000, 0x0000000703a00000|  0%| F|  |TAMS 0x0000000703900000, 0x0000000703900000| Untracked 
|  48|0x0000000703a00000, 0x0000000703a00000, 0x0000000703b00000|  0%| F|  |TAMS 0x0000000703a00000, 0x0000000703a00000| Untracked 
|  49|0x0000000703b00000, 0x0000000703b00000, 0x0000000703c00000|  0%| F|  |TAMS 0x0000000703b00000, 0x0000000703b00000| Untracked 
|  50|0x0000000703c00000, 0x0000000703c00000, 0x0000000703d00000|  0%| F|  |TAMS 0x0000000703c00000, 0x0000000703c00000| Untracked 
|  51|0x0000000703d00000, 0x0000000703d00000, 0x0000000703e00000|  0%| F|  |TAMS 0x0000000703d00000, 0x0000000703d00000| Untracked 
|  52|0x0000000703e00000, 0x0000000703e00000, 0x0000000703f00000|  0%| F|  |TAMS 0x0000000703e00000, 0x0000000703e00000| Untracked 
|  53|0x0000000703f00000, 0x0000000703f00000, 0x0000000704000000|  0%| F|  |TAMS 0x0000000703f00000, 0x0000000703f00000| Untracked 
|  54|0x0000000704000000, 0x0000000704000000, 0x0000000704100000|  0%| F|  |TAMS 0x0000000704000000, 0x0000000704000000| Untracked 
|  55|0x0000000704100000, 0x0000000704100000, 0x0000000704200000|  0%| F|  |TAMS 0x0000000704100000, 0x0000000704100000| Untracked 
|  56|0x0000000704200000, 0x000000070429ab88, 0x0000000704300000| 60%| S|CS|TAMS 0x0000000704200000, 0x0000000704200000| Complete 
|  57|0x0000000704300000, 0x0000000704400000, 0x0000000704400000|100%| S|CS|TAMS 0x0000000704300000, 0x0000000704300000| Complete 
|  58|0x0000000704400000, 0x0000000704500000, 0x0000000704500000|100%| S|CS|TAMS 0x0000000704400000, 0x0000000704400000| Complete 
|  59|0x0000000704500000, 0x0000000704600000, 0x0000000704600000|100%| S|CS|TAMS 0x0000000704500000, 0x0000000704500000| Complete 
|  60|0x0000000704600000, 0x0000000704600000, 0x0000000704700000|  0%| F|  |TAMS 0x0000000704600000, 0x0000000704600000| Untracked 
|  61|0x0000000704700000, 0x0000000704700000, 0x0000000704800000|  0%| F|  |TAMS 0x0000000704700000, 0x0000000704700000| Untracked 
|  62|0x0000000704800000, 0x0000000704800000, 0x0000000704900000|  0%| F|  |TAMS 0x0000000704800000, 0x0000000704800000| Untracked 
|  63|0x0000000704900000, 0x0000000704900000, 0x0000000704a00000|  0%| F|  |TAMS 0x0000000704900000, 0x0000000704900000| Untracked 
|  64|0x0000000704a00000, 0x0000000704a00000, 0x0000000704b00000|  0%| F|  |TAMS 0x0000000704a00000, 0x0000000704a00000| Untracked 
|  65|0x0000000704b00000, 0x0000000704b00000, 0x0000000704c00000|  0%| F|  |TAMS 0x0000000704b00000, 0x0000000704b00000| Untracked 
|  66|0x0000000704c00000, 0x0000000704c00000, 0x0000000704d00000|  0%| F|  |TAMS 0x0000000704c00000, 0x0000000704c00000| Untracked 
|  67|0x0000000704d00000, 0x0000000704d00000, 0x0000000704e00000|  0%| F|  |TAMS 0x0000000704d00000, 0x0000000704d00000| Untracked 
|  68|0x0000000704e00000, 0x0000000704e00000, 0x0000000704f00000|  0%| F|  |TAMS 0x0000000704e00000, 0x0000000704e00000| Untracked 
|  69|0x0000000704f00000, 0x0000000704f00000, 0x0000000705000000|  0%| F|  |TAMS 0x0000000704f00000, 0x0000000704f00000| Untracked 
|  70|0x0000000705000000, 0x0000000705000000, 0x0000000705100000|  0%| F|  |TAMS 0x0000000705000000, 0x0000000705000000| Untracked 
|  71|0x0000000705100000, 0x0000000705100000, 0x0000000705200000|  0%| F|  |TAMS 0x0000000705100000, 0x0000000705100000| Untracked 
|  72|0x0000000705200000, 0x0000000705200000, 0x0000000705300000|  0%| F|  |TAMS 0x0000000705200000, 0x0000000705200000| Untracked 
|  73|0x0000000705300000, 0x0000000705300000, 0x0000000705400000|  0%| F|  |TAMS 0x0000000705300000, 0x0000000705300000| Untracked 
|  74|0x0000000705400000, 0x0000000705400000, 0x0000000705500000|  0%| F|  |TAMS 0x0000000705400000, 0x0000000705400000| Untracked 
|  75|0x0000000705500000, 0x0000000705500000, 0x0000000705600000|  0%| F|  |TAMS 0x0000000705500000, 0x0000000705500000| Untracked 
|  76|0x0000000705600000, 0x0000000705600000, 0x0000000705700000|  0%| F|  |TAMS 0x0000000705600000, 0x0000000705600000| Untracked 
|  77|0x0000000705700000, 0x0000000705700000, 0x0000000705800000|  0%| F|  |TAMS 0x0000000705700000, 0x0000000705700000| Untracked 
|  78|0x0000000705800000, 0x0000000705800000, 0x0000000705900000|  0%| F|  |TAMS 0x0000000705800000, 0x0000000705800000| Untracked 
|  79|0x0000000705900000, 0x0000000705900000, 0x0000000705a00000|  0%| F|  |TAMS 0x0000000705900000, 0x0000000705900000| Untracked 
|  80|0x0000000705a00000, 0x0000000705a00000, 0x0000000705b00000|  0%| F|  |TAMS 0x0000000705a00000, 0x0000000705a00000| Untracked 
|  81|0x0000000705b00000, 0x0000000705b00000, 0x0000000705c00000|  0%| F|  |TAMS 0x0000000705b00000, 0x0000000705b00000| Untracked 
|  82|0x0000000705c00000, 0x0000000705c00000, 0x0000000705d00000|  0%| F|  |TAMS 0x0000000705c00000, 0x0000000705c00000| Untracked 
|  83|0x0000000705d00000, 0x0000000705d80800, 0x0000000705e00000| 50%| E|  |TAMS 0x0000000705d00000, 0x0000000705d00000| Complete 
|  84|0x0000000705e00000, 0x0000000705f00000, 0x0000000705f00000|100%| E|CS|TAMS 0x0000000705e00000, 0x0000000705e00000| Complete 
|  85|0x0000000705f00000, 0x0000000706000000, 0x0000000706000000|100%| E|CS|TAMS 0x0000000705f00000, 0x0000000705f00000| Complete 
|  86|0x0000000706000000, 0x0000000706100000, 0x0000000706100000|100%| E|CS|TAMS 0x0000000706000000, 0x0000000706000000| Complete 
|  87|0x0000000706100000, 0x0000000706200000, 0x0000000706200000|100%| E|CS|TAMS 0x0000000706100000, 0x0000000706100000| Complete 
|  88|0x0000000706200000, 0x0000000706300000, 0x0000000706300000|100%| E|CS|TAMS 0x0000000706200000, 0x0000000706200000| Complete 
|  89|0x0000000706300000, 0x0000000706400000, 0x0000000706400000|100%| E|CS|TAMS 0x0000000706300000, 0x0000000706300000| Complete 
|  90|0x0000000706400000, 0x0000000706500000, 0x0000000706500000|100%| E|CS|TAMS 0x0000000706400000, 0x0000000706400000| Complete 
|  91|0x0000000706500000, 0x0000000706600000, 0x0000000706600000|100%| E|CS|TAMS 0x0000000706500000, 0x0000000706500000| Complete 
|  92|0x0000000706600000, 0x0000000706700000, 0x0000000706700000|100%| E|CS|TAMS 0x0000000706600000, 0x0000000706600000| Complete 
|  93|0x0000000706700000, 0x0000000706800000, 0x0000000706800000|100%| E|CS|TAMS 0x0000000706700000, 0x0000000706700000| Complete 
|  94|0x0000000706800000, 0x0000000706900000, 0x0000000706900000|100%| E|CS|TAMS 0x0000000706800000, 0x0000000706800000| Complete 
|  95|0x0000000706900000, 0x0000000706a00000, 0x0000000706a00000|100%| E|CS|TAMS 0x0000000706900000, 0x0000000706900000| Complete 
|  96|0x0000000706a00000, 0x0000000706b00000, 0x0000000706b00000|100%| E|CS|TAMS 0x0000000706a00000, 0x0000000706a00000| Complete 
|  97|0x0000000706b00000, 0x0000000706c00000, 0x0000000706c00000|100%| E|CS|TAMS 0x0000000706b00000, 0x0000000706b00000| Complete 
|  98|0x0000000706c00000, 0x0000000706d00000, 0x0000000706d00000|100%| E|  |TAMS 0x0000000706c00000, 0x0000000706c00000| Complete 
|  99|0x0000000706d00000, 0x0000000706e00000, 0x0000000706e00000|100%| E|CS|TAMS 0x0000000706d00000, 0x0000000706d00000| Complete 
| 100|0x0000000706e00000, 0x0000000706f00000, 0x0000000706f00000|100%| E|CS|TAMS 0x0000000706e00000, 0x0000000706e00000| Complete 
| 101|0x0000000706f00000, 0x0000000707000000, 0x0000000707000000|100%| E|CS|TAMS 0x0000000706f00000, 0x0000000706f00000| Complete 
| 102|0x0000000707000000, 0x0000000707100000, 0x0000000707100000|100%| E|CS|TAMS 0x0000000707000000, 0x0000000707000000| Complete 
| 103|0x0000000707100000, 0x0000000707200000, 0x0000000707200000|100%| E|CS|TAMS 0x0000000707100000, 0x0000000707100000| Complete 
| 104|0x0000000707200000, 0x0000000707300000, 0x0000000707300000|100%| E|CS|TAMS 0x0000000707200000, 0x0000000707200000| Complete 
| 105|0x0000000707300000, 0x0000000707400000, 0x0000000707400000|100%| E|CS|TAMS 0x0000000707300000, 0x0000000707300000| Complete 
| 106|0x0000000707400000, 0x0000000707500000, 0x0000000707500000|100%| E|CS|TAMS 0x0000000707400000, 0x0000000707400000| Complete 
| 107|0x0000000707500000, 0x0000000707600000, 0x0000000707600000|100%| E|CS|TAMS 0x0000000707500000, 0x0000000707500000| Complete 
| 108|0x0000000707600000, 0x0000000707700000, 0x0000000707700000|100%| E|CS|TAMS 0x0000000707600000, 0x0000000707600000| Complete 
| 109|0x0000000707700000, 0x0000000707800000, 0x0000000707800000|100%| E|CS|TAMS 0x0000000707700000, 0x0000000707700000| Complete 
| 110|0x0000000707800000, 0x0000000707900000, 0x0000000707900000|100%| E|CS|TAMS 0x0000000707800000, 0x0000000707800000| Complete 
| 111|0x0000000707900000, 0x0000000707a00000, 0x0000000707a00000|100%| E|CS|TAMS 0x0000000707900000, 0x0000000707900000| Complete 
| 112|0x0000000707a00000, 0x0000000707b00000, 0x0000000707b00000|100%| E|CS|TAMS 0x0000000707a00000, 0x0000000707a00000| Complete 
| 113|0x0000000707b00000, 0x0000000707c00000, 0x0000000707c00000|100%| E|CS|TAMS 0x0000000707b00000, 0x0000000707b00000| Complete 
| 114|0x0000000707c00000, 0x0000000707d00000, 0x0000000707d00000|100%| E|CS|TAMS 0x0000000707c00000, 0x0000000707c00000| Complete 
| 115|0x0000000707d00000, 0x0000000707e00000, 0x0000000707e00000|100%| E|CS|TAMS 0x0000000707d00000, 0x0000000707d00000| Complete 
| 116|0x0000000707e00000, 0x0000000707f00000, 0x0000000707f00000|100%| E|CS|TAMS 0x0000000707e00000, 0x0000000707e00000| Complete 
| 117|0x0000000707f00000, 0x0000000708000000, 0x0000000708000000|100%| E|CS|TAMS 0x0000000707f00000, 0x0000000707f00000| Complete 
| 118|0x0000000708000000, 0x0000000708100000, 0x0000000708100000|100%| E|CS|TAMS 0x0000000708000000, 0x0000000708000000| Complete 
| 119|0x0000000708100000, 0x0000000708200000, 0x0000000708200000|100%| E|CS|TAMS 0x0000000708100000, 0x0000000708100000| Complete 
| 120|0x0000000708200000, 0x0000000708300000, 0x0000000708300000|100%| E|CS|TAMS 0x0000000708200000, 0x0000000708200000| Complete 
| 121|0x0000000708300000, 0x0000000708400000, 0x0000000708400000|100%| E|CS|TAMS 0x0000000708300000, 0x0000000708300000| Complete 
| 122|0x0000000708400000, 0x0000000708500000, 0x0000000708500000|100%| E|CS|TAMS 0x0000000708400000, 0x0000000708400000| Complete 
| 123|0x0000000708500000, 0x0000000708600000, 0x0000000708600000|100%| E|CS|TAMS 0x0000000708500000, 0x0000000708500000| Complete 
| 124|0x0000000708600000, 0x0000000708700000, 0x0000000708700000|100%| E|CS|TAMS 0x0000000708600000, 0x0000000708600000| Complete 
| 125|0x0000000708700000, 0x0000000708800000, 0x0000000708800000|100%| E|CS|TAMS 0x0000000708700000, 0x0000000708700000| Complete 
| 126|0x0000000708800000, 0x0000000708900000, 0x0000000708900000|100%| E|CS|TAMS 0x0000000708800000, 0x0000000708800000| Complete 
| 127|0x0000000708900000, 0x0000000708a00000, 0x0000000708a00000|100%| E|CS|TAMS 0x0000000708900000, 0x0000000708900000| Complete 
| 128|0x0000000708a00000, 0x0000000708b00000, 0x0000000708b00000|100%| E|CS|TAMS 0x0000000708a00000, 0x0000000708a00000| Complete 
| 129|0x0000000708b00000, 0x0000000708c00000, 0x0000000708c00000|100%| E|CS|TAMS 0x0000000708b00000, 0x0000000708b00000| Complete 
| 130|0x0000000708c00000, 0x0000000708d00000, 0x0000000708d00000|100%| E|CS|TAMS 0x0000000708c00000, 0x0000000708c00000| Complete 
| 131|0x0000000708d00000, 0x0000000708e00000, 0x0000000708e00000|100%| E|CS|TAMS 0x0000000708d00000, 0x0000000708d00000| Complete 
| 132|0x0000000708e00000, 0x0000000708f00000, 0x0000000708f00000|100%| E|CS|TAMS 0x0000000708e00000, 0x0000000708e00000| Complete 
| 133|0x0000000708f00000, 0x0000000709000000, 0x0000000709000000|100%| E|CS|TAMS 0x0000000708f00000, 0x0000000708f00000| Complete 
| 134|0x0000000709000000, 0x0000000709100000, 0x0000000709100000|100%| E|CS|TAMS 0x0000000709000000, 0x0000000709000000| Complete 
| 135|0x0000000709100000, 0x0000000709200000, 0x0000000709200000|100%| E|CS|TAMS 0x0000000709100000, 0x0000000709100000| Complete 
| 136|0x0000000709200000, 0x0000000709300000, 0x0000000709300000|100%| E|CS|TAMS 0x0000000709200000, 0x0000000709200000| Complete 
| 137|0x0000000709300000, 0x0000000709400000, 0x0000000709400000|100%| E|CS|TAMS 0x0000000709300000, 0x0000000709300000| Complete 
| 138|0x0000000709400000, 0x0000000709500000, 0x0000000709500000|100%| E|CS|TAMS 0x0000000709400000, 0x0000000709400000| Complete 
| 139|0x0000000709500000, 0x0000000709600000, 0x0000000709600000|100%| E|CS|TAMS 0x0000000709500000, 0x0000000709500000| Complete 
| 140|0x0000000709600000, 0x0000000709700000, 0x0000000709700000|100%| E|CS|TAMS 0x0000000709600000, 0x0000000709600000| Complete 
| 141|0x0000000709700000, 0x0000000709800000, 0x0000000709800000|100%| E|CS|TAMS 0x0000000709700000, 0x0000000709700000| Complete 
| 142|0x0000000709800000, 0x0000000709900000, 0x0000000709900000|100%| E|CS|TAMS 0x0000000709800000, 0x0000000709800000| Complete 
| 193|0x000000070cb00000, 0x000000070cc00000, 0x000000070cc00000|100%| E|CS|TAMS 0x000000070cb00000, 0x000000070cb00000| Complete 
| 194|0x000000070cc00000, 0x000000070cd00000, 0x000000070cd00000|100%| E|CS|TAMS 0x000000070cc00000, 0x000000070cc00000| Complete 
| 195|0x000000070cd00000, 0x000000070ce00000, 0x000000070ce00000|100%| E|CS|TAMS 0x000000070cd00000, 0x000000070cd00000| Complete 
| 255|0x0000000710900000, 0x0000000710a00000, 0x0000000710a00000|100%| E|CS|TAMS 0x0000000710900000, 0x0000000710900000| Complete 

Card table byte_map: [0x00000282a7e70000,0x00000282a8670000] _byte_map_base: 0x00000282a466b000

Marking Bits (Prev, Next): (CMBitMap*) 0x0000028294a10ff8, (CMBitMap*) 0x0000028294a10fb8
 Prev Bits: [0x00000282ace50000, 0x00000282b0e28000)
 Next Bits: [0x00000282a8e70000, 0x00000282ace48000)

Polling page: 0x0000028294180000

Metaspace:

Usage:
  Non-class:     30.11 MB capacity,    29.51 MB ( 98%) used,   495.57 KB (  2%) free+waste,   109.69 KB ( <1%) overhead. 
      Class:      4.22 MB capacity,     3.88 MB ( 92%) used,   298.49 KB (  7%) free+waste,    51.75 KB (  1%) overhead. 
       Both:     34.33 MB capacity,    33.40 MB ( 97%) used,   794.06 KB (  2%) free+waste,   161.44 KB ( <1%) overhead. 

Virtual space:
  Non-class space:       32.00 MB reserved,      30.17 MB ( 94%) committed 
      Class space:        1.00 GB reserved,       4.25 MB ( <1%) committed 
             Both:        1.03 GB reserved,      34.42 MB (  3%) committed 

Chunk freelists:
   Non-Class:  4.00 KB
       Class:  28.00 KB
        Both:  32.00 KB

MaxMetaspaceSize: 17179869184.00 GB
CompressedClassSpaceSize: 1.00 GB

CodeHeap 'non-profiled nmethods': size=120000Kb used=1664Kb max_used=1664Kb free=118335Kb
 bounds [0x00000282a0140000, 0x00000282a03b0000, 0x00000282a7670000]
CodeHeap 'profiled nmethods': size=120000Kb used=7586Kb max_used=7586Kb free=112413Kb
 bounds [0x0000028298c10000, 0x0000028299380000, 0x00000282a0140000]
CodeHeap 'non-nmethods': size=5760Kb used=1246Kb max_used=1264Kb free=4513Kb
 bounds [0x0000028298670000, 0x00000282988e0000, 0x0000028298c10000]
 total_blobs=3748 nmethods=3287 adapters=371
 compilation: enabled
              stopped_count=0, restarted_count=0
 full_count=0

Compilation events (20 events):
Event: 2.964 Thread 0x00000282b3c53800 3226       3       java.lang.PublicMethods::toArray (76 bytes)
Event: 2.965 Thread 0x00000282b3c53800 nmethod 3226 0x0000028299358410 code [0x0000028299358620, 0x0000028299358f38]
Event: 2.965 Thread 0x00000282b3c53800 3227       3       ch.qos.logback.classic.Logger::<init> (25 bytes)
Event: 2.965 Thread 0x00000282b3c53800 nmethod 3227 0x0000028299359190 code [0x0000028299359340, 0x00000282993595d8]
Event: 2.968 Thread 0x00000282b3c53800 3228       3       org.apache.tomcat.util.buf.CharsetCache::addToCache (65 bytes)
Event: 2.968 Thread 0x00000282b3c53800 nmethod 3228 0x0000028299359690 code [0x00000282993598e0, 0x000002829935a218]
Event: 2.968 Thread 0x00000282b3c53800 3229       3       java.nio.charset.Charset::aliases (64 bytes)
Event: 2.969 Thread 0x00000282b3c53800 nmethod 3229 0x000002829935a510 code [0x000002829935a760, 0x000002829935b218]
Event: 2.969 Thread 0x00000282b3c53800 3230       3       java.nio.charset.CoderResult::isUnderflow (13 bytes)
Event: 2.969 Thread 0x00000282b3c53800 nmethod 3230 0x000002829935b610 code [0x000002829935b7a0, 0x000002829935b8f8]
Event: 2.969 Thread 0x00000282b3c53800 3231       3       java.nio.ByteBuffer::arrayOffset (35 bytes)
Event: 2.969 Thread 0x00000282b3c53800 nmethod 3231 0x000002829935b990 code [0x000002829935bb60, 0x000002829935be38]
Event: 2.969 Thread 0x00000282b3c53800 3232       3       java.nio.CharBuffer::arrayOffset (35 bytes)
Event: 2.969 Thread 0x00000282b3c53800 nmethod 3232 0x000002829935bf90 code [0x000002829935c160, 0x000002829935c438]
Event: 2.969 Thread 0x00000282b3c53800 3234       3       java.nio.CharBuffer::position (6 bytes)
Event: 2.969 Thread 0x00000282b3c53800 nmethod 3234 0x000002829935c590 code [0x000002829935c740, 0x000002829935c8e8]
Event: 2.969 Thread 0x00000282b3c53800 3233       3       java.nio.Buffer::flip (20 bytes)
Event: 2.969 Thread 0x00000282b3c53800 nmethod 3233 0x000002829935c990 code [0x000002829935cb20, 0x000002829935cc38]
Event: 2.969 Thread 0x00000282b3c53800 3236       1       java.nio.charset.CharsetDecoder::averageCharsPerByte (5 bytes)
Event: 2.969 Thread 0x00000282b3c53800 nmethod 3236 0x00000282a02ce990 code [0x00000282a02ceb20, 0x00000282a02cebd8]

GC Heap History (14 events):
Event: 0.418 GC heap before
{Heap before GC invocations=0 (full 0):
 garbage-first heap   total 262144K, used 13312K [0x0000000700a00000, 0x0000000800000000)
  region size 1024K, 13 young (13312K), 0 survivors (0K)
 Metaspace       used 9219K, capacity 9445K, committed 9600K, reserved 1058816K
  class space    used 832K, capacity 871K, committed 896K, reserved 1048576K
}
Event: 0.422 GC heap after
{Heap after GC invocations=1 (full 0):
 garbage-first heap   total 262144K, used 5750K [0x0000000700a00000, 0x0000000800000000)
  region size 1024K, 2 young (2048K), 2 survivors (2048K)
 Metaspace       used 9219K, capacity 9445K, committed 9600K, reserved 1058816K
  class space    used 832K, capacity 871K, committed 896K, reserved 1048576K
}
Event: 0.577 GC heap before
{Heap before GC invocations=1 (full 0):
 garbage-first heap   total 262144K, used 18038K [0x0000000700a00000, 0x0000000800000000)
  region size 1024K, 15 young (15360K), 2 survivors (2048K)
 Metaspace       used 11483K, capacity 11723K, committed 12032K, reserved 1060864K
  class space    used 1121K, capacity 1187K, committed 1280K, reserved 1048576K
}
Event: 0.579 GC heap after
{Heap after GC invocations=2 (full 0):
 garbage-first heap   total 262144K, used 6488K [0x0000000700a00000, 0x0000000800000000)
  region size 1024K, 1 young (1024K), 1 survivors (1024K)
 Metaspace       used 11483K, capacity 11723K, committed 12032K, reserved 1060864K
  class space    used 1121K, capacity 1187K, committed 1280K, reserved 1048576K
}
Event: 0.588 GC heap before
{Heap before GC invocations=2 (full 0):
 garbage-first heap   total 262144K, used 30040K [0x0000000700a00000, 0x0000000800000000)
  region size 1024K, 25 young (25600K), 1 survivors (1024K)
 Metaspace       used 11483K, capacity 11723K, committed 12032K, reserved 1060864K
  class space    used 1121K, capacity 1187K, committed 1280K, reserved 1048576K
}
Event: 0.589 GC heap after
{Heap after GC invocations=3 (full 0):
 garbage-first heap   total 262144K, used 6489K [0x0000000700a00000, 0x0000000800000000)
  region size 1024K, 1 young (1024K), 1 survivors (1024K)
 Metaspace       used 11483K, capacity 11723K, committed 12032K, reserved 1060864K
  class space    used 1121K, capacity 1187K, committed 1280K, reserved 1048576K
}
Event: 1.259 GC heap before
{Heap before GC invocations=3 (full 0):
 garbage-first heap   total 262144K, used 64857K [0x0000000700a00000, 0x0000000800000000)
  region size 1024K, 60 young (61440K), 1 survivors (1024K)
 Metaspace       used 20693K, capacity 21171K, committed 21296K, reserved 1069056K
  class space    used 2216K, capacity 2391K, committed 2432K, reserved 1048576K
}
Event: 1.263 GC heap after
{Heap after GC invocations=4 (full 0):
 garbage-first heap   total 262144K, used 8230K [0x0000000700a00000, 0x0000000800000000)
  region size 1024K, 3 young (3072K), 3 survivors (3072K)
 Metaspace       used 20693K, capacity 21171K, committed 21296K, reserved 1069056K
  class space    used 2216K, capacity 2391K, committed 2432K, reserved 1048576K
}
Event: 1.798 GC heap before
{Heap before GC invocations=5 (full 0):
 garbage-first heap   total 34816K, used 32806K [0x0000000700a00000, 0x0000000800000000)
  region size 1024K, 28 young (28672K), 3 survivors (3072K)
 Metaspace       used 24032K, capacity 24579K, committed 24880K, reserved 1071104K
  class space    used 2703K, capacity 2896K, committed 2944K, reserved 1048576K
}
Event: 1.802 GC heap after
{Heap after GC invocations=6 (full 0):
 garbage-first heap   total 38912K, used 9123K [0x0000000700a00000, 0x0000000800000000)
  region size 1024K, 4 young (4096K), 4 survivors (4096K)
 Metaspace       used 24032K, capacity 24579K, committed 24880K, reserved 1071104K
  class space    used 2703K, capacity 2896K, committed 2944K, reserved 1048576K
}
Event: 1.805 GC heap before
{Heap before GC invocations=6 (full 0):
 garbage-first heap   total 38912K, used 26531K [0x0000000700a00000, 0x0000000800000000)
  region size 1024K, 22 young (22528K), 4 survivors (4096K)
 Metaspace       used 24032K, capacity 24579K, committed 24880K, reserved 1071104K
  class space    used 2703K, capacity 2896K, committed 2944K, reserved 1048576K
}
Event: 1.809 GC heap after
{Heap after GC invocations=7 (full 0):
 garbage-first heap   total 150528K, used 9107K [0x0000000700a00000, 0x0000000800000000)
  region size 1024K, 1 young (1024K), 1 survivors (1024K)
 Metaspace       used 24032K, capacity 24579K, committed 24880K, reserved 1071104K
  class space    used 2703K, capacity 2896K, committed 2944K, reserved 1048576K
}
Event: 2.705 GC heap before
{Heap before GC invocations=7 (full 0):
 garbage-first heap   total 150528K, used 97171K [0x0000000700a00000, 0x0000000800000000)
  region size 1024K, 88 young (90112K), 1 survivors (1024K)
 Metaspace       used 30305K, capacity 31047K, committed 31152K, reserved 1077248K
  class space    used 3497K, capacity 3765K, committed 3840K, reserved 1048576K
}
Event: 2.709 GC heap after
{Heap after GC invocations=8 (full 0):
 garbage-first heap   total 150528K, used 11774K [0x0000000700a00000, 0x0000000800000000)
  region size 1024K, 4 young (4096K), 4 survivors (4096K)
 Metaspace       used 30305K, capacity 31047K, committed 31152K, reserved 1077248K
  class space    used 3497K, capacity 3765K, committed 3840K, reserved 1048576K
}

Deoptimization events (20 events):
Event: 2.845 Thread 0x00000282b4861800 DEOPT PACKING pc=0x00000282a0227b6c sp=0x000000bd941fd0a0
Event: 2.845 Thread 0x00000282b4861800 DEOPT UNPACKING pc=0x00000282986b912f sp=0x000000bd941fd008 mode 2
Event: 2.852 Thread 0x00000282b4861800 Uncommon trap: trap_request=0xffffff45 fr.pc=0x00000282a022296c relative=0x00000000000002ec
Event: 2.852 Thread 0x00000282b4861800 Uncommon trap: reason=unstable_if action=reinterpret pc=0x00000282a022296c method=java.util.LinkedHashMap.get(Ljava/lang/Object;)Ljava/lang/Object; @ 20 c2
Event: 2.852 Thread 0x00000282b4861800 DEOPT PACKING pc=0x00000282a022296c sp=0x000000bd941fd220
Event: 2.852 Thread 0x00000282b4861800 DEOPT UNPACKING pc=0x00000282986b912f sp=0x000000bd941fd1c8 mode 2
Event: 2.853 Thread 0x00000282b4861800 DEOPT PACKING pc=0x00000282992bc320 sp=0x000000bd941fcd40
Event: 2.853 Thread 0x00000282b4861800 DEOPT UNPACKING pc=0x00000282986b964e sp=0x000000bd941fc258 mode 0
Event: 2.880 Thread 0x00000282b4861800 Uncommon trap: trap_request=0xffffff45 fr.pc=0x00000282a0151b04 relative=0x0000000000000164
Event: 2.880 Thread 0x00000282b4861800 Uncommon trap: reason=unstable_if action=reinterpret pc=0x00000282a0151b04 method=java.lang.StringCoding.hasNegatives([BII)Z @ 12 c2
Event: 2.880 Thread 0x00000282b4861800 DEOPT PACKING pc=0x00000282a0151b04 sp=0x000000bd941fc6b0
Event: 2.880 Thread 0x00000282b4861800 DEOPT UNPACKING pc=0x00000282986b912f sp=0x000000bd941fc640 mode 2
Event: 2.933 Thread 0x00000282b4861800 DEOPT PACKING pc=0x000002829934cfc7 sp=0x000000bd941fc0c0
Event: 2.933 Thread 0x00000282b4861800 DEOPT UNPACKING pc=0x00000282986b964e sp=0x000000bd941fb660 mode 0
Event: 2.937 Thread 0x00000282b4861800 DEOPT PACKING pc=0x000002829934cfc7 sp=0x000000bd941fc050
Event: 2.937 Thread 0x00000282b4861800 DEOPT UNPACKING pc=0x00000282986b964e sp=0x000000bd941fb5f0 mode 0
Event: 2.938 Thread 0x00000282b4861800 DEOPT PACKING pc=0x000002829934cfc7 sp=0x000000bd941fc050
Event: 2.938 Thread 0x00000282b4861800 DEOPT UNPACKING pc=0x00000282986b964e sp=0x000000bd941fb5f0 mode 0
Event: 2.952 Thread 0x00000282b4861800 DEOPT PACKING pc=0x00000282992bc320 sp=0x000000bd941fc560
Event: 2.952 Thread 0x00000282b4861800 DEOPT UNPACKING pc=0x00000282986b964e sp=0x000000bd941fba78 mode 0

Classes unloaded (0 events):
No events

Classes redefined (0 events):
No events

Internal exceptions (20 events):
Event: 2.600 Thread 0x00000282b4861800 Exception <a 'java/lang/ClassNotFoundException'{0x0000000704c397f0}: org/springframework/beans/factory/BeanFactoryAwareCustomizer> (0x0000000704c397f0) 
thrown [./open/src/hotspot/share/classfile/systemDictionary.cpp, line 226]
Event: 2.601 Thread 0x00000282b4861800 Exception <a 'java/lang/ClassNotFoundException'{0x0000000704c494d8}: org/springframework/beans/factory/AwareCustomizer> (0x0000000704c494d8) 
thrown [./open/src/hotspot/share/classfile/systemDictionary.cpp, line 226]
Event: 2.601 Thread 0x00000282b4861800 Exception <a 'java/lang/ClassNotFoundException'{0x0000000704c56bb8}: org/springframework/core/OrderedCustomizer> (0x0000000704c56bb8) 
thrown [./open/src/hotspot/share/classfile/systemDictionary.cpp, line 226]
Event: 2.602 Thread 0x00000282b4861800 Exception <a 'java/lang/ClassNotFoundException'{0x0000000704c678e0}: org/springframework/beans/factory/BeanClassLoaderAwareCustomizer> (0x0000000704c678e0) 
thrown [./open/src/hotspot/share/classfile/systemDictionary.cpp, line 226]
Event: 2.602 Thread 0x00000282b4861800 Exception <a 'java/lang/ClassNotFoundException'{0x0000000704c76a10}: org/springframework/beans/factory/AwareCustomizer> (0x0000000704c76a10) 
thrown [./open/src/hotspot/share/classfile/systemDictionary.cpp, line 226]
Event: 2.602 Thread 0x00000282b4861800 Exception <a 'java/lang/ClassNotFoundException'{0x0000000704c86e70}: org/springframework/aop/framework/AopInfrastructureBeanCustomizer> (0x0000000704c86e70) 
thrown [./open/src/hotspot/share/classfile/systemDictionary.cpp, line 226]
Event: 2.651 Thread 0x00000282b4861800 Exception <a 'java/lang/ClassNotFoundException'{0x0000000704940748}: java/lang/ObjectCustomizer> (0x0000000704940748) 
thrown [./open/src/hotspot/share/classfile/systemDictionary.cpp, line 226]
Event: 2.652 Thread 0x00000282b4861800 Exception <a 'java/lang/ClassNotFoundException'{0x0000000704958820}: org/springframework/transaction/annotation/AbstractTransactionManagementConfigurationCustomizer> (0x0000000704958820) 
thrown [./open/src/hotspot/share/classfile/systemDictionary.cpp, line 226]
Event: 2.653 Thread 0x00000282b4861800 Exception <a 'java/lang/ClassNotFoundException'{0x000000070496f328}: org/springframework/transaction/annotation/ProxyTransactionManagementConfigurationCustomizer> (0x000000070496f328) 
thrown [./open/src/hotspot/share/classfile/systemDictionary.cpp, line 226]
Event: 2.653 Thread 0x00000282b4861800 Exception <a 'java/lang/ClassNotFoundException'{0x00000007049838a0}: org/springframework/context/annotation/ImportAwareCustomizer> (0x00000007049838a0) 
thrown [./open/src/hotspot/share/classfile/systemDictionary.cpp, line 226]
Event: 2.654 Thread 0x00000282b4861800 Exception <a 'java/lang/ClassNotFoundException'{0x00000007049935f8}: org/springframework/beans/factory/AwareCustomizer> (0x00000007049935f8) 
thrown [./open/src/hotspot/share/classfile/systemDictionary.cpp, line 226]
Event: 2.696 Thread 0x00000282b4861800 Exception <a 'java/lang/NoSuchMethodError'{0x0000000704672cc0}: 'java.lang.Object java.lang.invoke.DirectMethodHandle$Holder.invokeSpecialIFC(java.lang.Object, java.lang.Object, java.lang.Object)'> (0x0000000704672cc0) 
thrown [./open/src/hotspot/share/interpreter/linkResolver.cpp, line 766]
Event: 2.734 Thread 0x00000282b4861800 Exception <a 'java/lang/NoSuchMethodError'{0x000000070cd88a90}: 'int java.lang.invoke.DirectMethodHandle$Holder.invokeSpecial(java.lang.Object, java.lang.Object, java.lang.Object, java.lang.Object, java.lang.Object)'> (0x000000070cd88a90) 
thrown [./open/src/hotspot/share/interpreter/linkResolver.cpp, line 766]
Event: 2.760 Thread 0x00000282b4861800 Implicit null exception at 0x00000282a02805e3 to 0x00000282a0280928
Event: 2.776 Thread 0x00000282b4861800 Implicit null exception at 0x00000282a026d6da to 0x00000282a026d9e0
Event: 2.798 Thread 0x00000282b4861800 Exception <a 'java/lang/NoSuchMethodError'{0x000000070967c228}: 'void java.lang.invoke.DirectMethodHandle$Holder.invokeInterface(java.lang.Object, java.lang.Object, int)'> (0x000000070967c228) 
thrown [./open/src/hotspot/share/interpreter/linkResolver.cpp, line 766]
Event: 2.802 Thread 0x00000282b4861800 Exception <a 'java/lang/IncompatibleClassChangeError'{0x00000007096c4db8}: Found class java.lang.Object, but interface was expected> (0x00000007096c4db8) 
thrown [./open/src/hotspot/share/interpreter/linkResolver.cpp, line 832]
Event: 2.802 Thread 0x00000282b4861800 Exception <a 'java/lang/NoSuchMethodError'{0x00000007096c9ac0}: 'void java.lang.invoke.DirectMethodHandle$Holder.invokeStatic(java.lang.Object, int, java.lang.Object)'> (0x00000007096c9ac0) 
thrown [./open/src/hotspot/share/interpreter/linkResolver.cpp, line 766]
Event: 2.873 Thread 0x00000282b4861800 Exception <a 'java/lang/NoSuchMethodError'{0x00000007091adac0}: 'java.lang.Object java.lang.invoke.DirectMethodHandle$Holder.invokeStaticInit(java.lang.Object, int, int, int, int)'> (0x00000007091adac0) 
thrown [./open/src/hotspot/share/interpreter/linkResolver.cpp, line 766]
Event: 2.915 Thread 0x00000282b4861800 Exception <a 'java/lang/NoSuchMethodError'{0x00000007091ef0c8}: 'java.lang.Object java.lang.invoke.DirectMethodHandle$Holder.invokeStaticInit(java.lang.Object, java.lang.Object, int, int, int, int)'> (0x00000007091ef0c8) 
thrown [./open/src/hotspot/share/interpreter/linkResolver.cpp, line 766]

Events (20 events):
Event: 2.946 loading class java/beans/PropertyChangeSupport$PropertyChangeListenerMap
Event: 2.947 loading class java/beans/ChangeListenerMap
Event: 2.947 loading class java/beans/ChangeListenerMap done
Event: 2.947 loading class java/beans/PropertyChangeSupport$PropertyChangeListenerMap done
Event: 2.947 loading class java/beans/PropertyChangeListener
Event: 2.947 loading class java/beans/PropertyChangeListener done
Event: 2.954 Executing VM operation: ICBufferFull
Event: 2.954 Executing VM operation: ICBufferFull done
Event: 2.958 loading class java/beans/PropertyChangeEvent
Event: 2.959 loading class java/beans/PropertyChangeEvent done
Event: 2.962 loading class javax/management/ObjectName
Event: 2.963 loading class javax/management/QueryExp
Event: 2.963 loading class javax/management/QueryExp done
Event: 2.963 loading class javax/management/ObjectName done
Event: 2.968 Executing VM operation: HandshakeOneThread
Event: 2.968 Executing VM operation: HandshakeOneThread done
Event: 2.968 loading class java/nio/charset/CharacterCodingException
Event: 2.968 loading class java/nio/charset/CharacterCodingException done
Event: 2.968 loading class java/nio/BufferUnderflowException
Event: 2.968 loading class java/nio/BufferUnderflowException done


Dynamic libraries:
0x00007ff7ead50000 - 0x00007ff7ead5d000 	C:\Users\eduro\.p2\pool\plugins\org.eclipse.justj.openjdk.hotspot.jre.full.win32.x86_64_14.0.2.v20200815-0932\jre\bin\javaw.exe
0x00007ffd836f0000 - 0x00007ffd838e6000 	C:\WINDOWS\SYSTEM32\ntdll.dll
0x00007ffd62810000 - 0x00007ffd62822000 	C:\Program Files\Avast Software\Avast\aswhook.dll
0x00007ffd82000000 - 0x00007ffd820bd000 	C:\WINDOWS\System32\KERNEL32.DLL
0x00007ffd813e0000 - 0x00007ffd816a9000 	C:\WINDOWS\System32\KERNELBASE.dll
0x00007ffd80e80000 - 0x00007ffd80f80000 	C:\WINDOWS\System32\ucrtbase.dll
0x00007ffd76f50000 - 0x00007ffd76f68000 	C:\Users\eduro\.p2\pool\plugins\org.eclipse.justj.openjdk.hotspot.jre.full.win32.x86_64_14.0.2.v20200815-0932\jre\bin\jli.dll
0x00007ffd82160000 - 0x00007ffd82300000 	C:\WINDOWS\System32\USER32.dll
0x00007ffd81330000 - 0x00007ffd81352000 	C:\WINDOWS\System32\win32u.dll
0x00007ffd81750000 - 0x00007ffd8177a000 	C:\WINDOWS\System32\GDI32.dll
0x00007ffd81140000 - 0x00007ffd8124b000 	C:\WINDOWS\System32\gdi32full.dll
0x00007ffd816b0000 - 0x00007ffd8174d000 	C:\WINDOWS\System32\msvcp_win.dll
0x00007ffd76f30000 - 0x00007ffd76f45000 	C:\Users\eduro\.p2\pool\plugins\org.eclipse.justj.openjdk.hotspot.jre.full.win32.x86_64_14.0.2.v20200815-0932\jre\bin\VCRUNTIME140.dll
0x00007ffd80320000 - 0x00007ffd805bb000 	C:\WINDOWS\WinSxS\amd64_microsoft.windows.common-controls_6595b64144ccf1df_6.0.19041.746_none_ca02b4b61b8320a4\COMCTL32.dll
0x00007ffd824b0000 - 0x00007ffd8254e000 	C:\WINDOWS\System32\msvcrt.dll
0x00007ffd83210000 - 0x00007ffd83240000 	C:\WINDOWS\System32\IMM32.DLL
0x00007ffd76c20000 - 0x00007ffd76cbb000 	C:\Users\eduro\.p2\pool\plugins\org.eclipse.justj.openjdk.hotspot.jre.full.win32.x86_64_14.0.2.v20200815-0932\jre\bin\msvcp140.dll
0x00007ffd1a440000 - 0x00007ffd1af5e000 	C:\Users\eduro\.p2\pool\plugins\org.eclipse.justj.openjdk.hotspot.jre.full.win32.x86_64_14.0.2.v20200815-0932\jre\bin\server\jvm.dll
0x00007ffd83160000 - 0x00007ffd8320c000 	C:\WINDOWS\System32\ADVAPI32.dll
0x00007ffd820c0000 - 0x00007ffd8215c000 	C:\WINDOWS\System32\sechost.dll
0x00007ffd82860000 - 0x00007ffd8298b000 	C:\WINDOWS\System32\RPCRT4.dll
0x00007ffd82300000 - 0x00007ffd82308000 	C:\WINDOWS\System32\PSAPI.DLL
0x00007ffd75fa0000 - 0x00007ffd75fa9000 	C:\WINDOWS\SYSTEM32\WSOCK32.dll
0x00007ffd82790000 - 0x00007ffd827fb000 	C:\WINDOWS\System32\WS2_32.dll
0x00007ffd785c0000 - 0x00007ffd785e7000 	C:\WINDOWS\SYSTEM32\WINMM.dll
0x00007ffd7e1b0000 - 0x00007ffd7e1ba000 	C:\WINDOWS\SYSTEM32\VERSION.dll
0x00007ffd7ded0000 - 0x00007ffd7dee2000 	C:\WINDOWS\SYSTEM32\kernel.appcore.dll
0x00007ffd7f410000 - 0x00007ffd7f41a000 	C:\Users\eduro\.p2\pool\plugins\org.eclipse.justj.openjdk.hotspot.jre.full.win32.x86_64_14.0.2.v20200815-0932\jre\bin\jimage.dll
0x00007ffd807b0000 - 0x00007ffd80994000 	C:\WINDOWS\SYSTEM32\DBGHELP.DLL
0x00007ffd80780000 - 0x00007ffd807ac000 	C:\WINDOWS\SYSTEM32\dbgcore.DLL
0x00007ffd81360000 - 0x00007ffd813e0000 	C:\WINDOWS\System32\bcryptPrimitives.dll
0x00007ffd77090000 - 0x00007ffd770b5000 	C:\Users\eduro\.p2\pool\plugins\org.eclipse.justj.openjdk.hotspot.jre.full.win32.x86_64_14.0.2.v20200815-0932\jre\bin\java.dll
0x00007ffd77070000 - 0x00007ffd77086000 	C:\Users\eduro\.p2\pool\plugins\org.eclipse.justj.openjdk.hotspot.jre.full.win32.x86_64_14.0.2.v20200815-0932\jre\bin\zip.dll
0x00007ffd81830000 - 0x00007ffd81f72000 	C:\WINDOWS\System32\SHELL32.dll
0x00007ffd7e1c0000 - 0x00007ffd7e950000 	C:\WINDOWS\SYSTEM32\windows.storage.dll
0x00007ffd82d70000 - 0x00007ffd830c6000 	C:\WINDOWS\System32\combase.dll
0x00007ffd80110000 - 0x00007ffd8013c000 	C:\WINDOWS\SYSTEM32\Wldp.dll
0x00007ffd81780000 - 0x00007ffd8182e000 	C:\WINDOWS\System32\SHCORE.dll
0x00007ffd82620000 - 0x00007ffd82675000 	C:\WINDOWS\System32\shlwapi.dll
0x00007ffd80d60000 - 0x00007ffd80d86000 	C:\WINDOWS\SYSTEM32\profapi.dll
0x00007ffd77050000 - 0x00007ffd77069000 	C:\Users\eduro\.p2\pool\plugins\org.eclipse.justj.openjdk.hotspot.jre.full.win32.x86_64_14.0.2.v20200815-0932\jre\bin\net.dll
0x00007ffd75fb0000 - 0x00007ffd760b0000 	C:\WINDOWS\SYSTEM32\WINHTTP.dll
0x00007ffd7fec0000 - 0x00007ffd7ff2a000 	C:\WINDOWS\system32\mswsock.dll
0x00007ffd77030000 - 0x00007ffd77042000 	C:\Users\eduro\.p2\pool\plugins\org.eclipse.justj.openjdk.hotspot.jre.full.win32.x86_64_14.0.2.v20200815-0932\jre\bin\nio.dll
0x00007ffd7f340000 - 0x00007ffd7f350000 	C:\Users\eduro\.p2\pool\plugins\org.eclipse.justj.openjdk.hotspot.jre.full.win32.x86_64_14.0.2.v20200815-0932\jre\bin\verify.dll
0x00007ffd7f3f0000 - 0x00007ffd7f3f9000 	C:\Users\eduro\.p2\pool\plugins\org.eclipse.justj.openjdk.hotspot.jre.full.win32.x86_64_14.0.2.v20200815-0932\jre\bin\management.dll
0x00007ffd7f270000 - 0x00007ffd7f27b000 	C:\Users\eduro\.p2\pool\plugins\org.eclipse.justj.openjdk.hotspot.jre.full.win32.x86_64_14.0.2.v20200815-0932\jre\bin\management_ext.dll
0x00007ffd6cb60000 - 0x00007ffd6cb77000 	C:\WINDOWS\system32\napinsp.dll
0x00007ffd6cb40000 - 0x00007ffd6cb5b000 	C:\WINDOWS\system32\pnrpnsp.dll
0x00007ffd7cc10000 - 0x00007ffd7cc2d000 	C:\WINDOWS\system32\NLAapi.dll
0x00007ffd7fbb0000 - 0x00007ffd7fbeb000 	C:\WINDOWS\SYSTEM32\IPHLPAPI.DLL
0x00007ffd7fbf0000 - 0x00007ffd7fcbb000 	C:\WINDOWS\SYSTEM32\DNSAPI.dll
0x00007ffd82320000 - 0x00007ffd82328000 	C:\WINDOWS\System32\NSI.dll
0x00007ffd6c7d0000 - 0x00007ffd6c7e5000 	C:\WINDOWS\system32\wshbth.dll
0x00007ffd6c770000 - 0x00007ffd6c782000 	C:\WINDOWS\System32\winrnr.dll
0x00007ffd75e60000 - 0x00007ffd75e6a000 	C:\Windows\System32\rasadhlp.dll
0x00007ffd753f0000 - 0x00007ffd7546f000 	C:\WINDOWS\System32\fwpuclnt.dll
0x00007ffd81250000 - 0x00007ffd81277000 	C:\WINDOWS\System32\bcrypt.dll
0x00007ffd80b40000 - 0x00007ffd80b58000 	C:\WINDOWS\SYSTEM32\CRYPTSP.dll
0x00007ffd7f880000 - 0x00007ffd7f8b4000 	C:\WINDOWS\system32\rsaenh.dll
0x00007ffd80ce0000 - 0x00007ffd80d0e000 	C:\WINDOWS\SYSTEM32\USERENV.dll
0x00007ffd80230000 - 0x00007ffd8023c000 	C:\WINDOWS\SYSTEM32\CRYPTBASE.dll
0x00007ffd7a990000 - 0x00007ffd7a9a7000 	C:\WINDOWS\SYSTEM32\dhcpcsvc6.DLL
0x00007ffd7a970000 - 0x00007ffd7a98d000 	C:\WINDOWS\SYSTEM32\dhcpcsvc.DLL

dbghelp: loaded successfully - version: 4.0.5 - missing functions: none
symbol engine: initialized successfully - sym options: 0x614 - pdb path: .;C:\Users\eduro\.p2\pool\plugins\org.eclipse.justj.openjdk.hotspot.jre.full.win32.x86_64_14.0.2.v20200815-0932\jre\bin;C:\WINDOWS\SYSTEM32;C:\Program Files\Avast Software\Avast;C:\WINDOWS\WinSxS\amd64_microsoft.windows.common-controls_6595b64144ccf1df_6.0.19041.746_none_ca02b4b61b8320a4;C:\Users\eduro\.p2\pool\plugins\org.eclipse.justj.openjdk.hotspot.jre.full.win32.x86_64_14.0.2.v20200815-0932\jre\bin\server

VM Arguments:
jvm_args: -Dfile.encoding=UTF-8 -XX:+ShowCodeDetailsInExceptionMessages 
java_command: com.example.apitouristspot.ApitouristspotApplication
java_class_path (initial): C:\Users\eduro\OneDrive\Documentos\github\apitouristspot\target\classes;C:\Users\eduro\.m2\repository\org\springframework\boot\spring-boot-starter-data-jpa\2.4.3\spring-boot-starter-data-jpa-2.4.3.jar;C:\Users\eduro\.m2\repository\org\springframework\boot\spring-boot-starter-aop\2.4.3\spring-boot-starter-aop-2.4.3.jar;C:\Users\eduro\.m2\repository\org\springframework\spring-aop\5.3.4\spring-aop-5.3.4.jar;C:\Users\eduro\.m2\repository\org\aspectj\aspectjweaver\1.9.6\aspectjweaver-1.9.6.jar;C:\Users\eduro\.m2\repository\org\springframework\boot\spring-boot-starter-jdbc\2.4.3\spring-boot-starter-jdbc-2.4.3.jar;C:\Users\eduro\.m2\repository\com\zaxxer\HikariCP\3.4.5\HikariCP-3.4.5.jar;C:\Users\eduro\.m2\repository\org\springframework\spring-jdbc\5.3.4\spring-jdbc-5.3.4.jar;C:\Users\eduro\.m2\repository\jakarta\transaction\jakarta.transaction-api\1.3.3\jakarta.transaction-api-1.3.3.jar;C:\Users\eduro\.m2\repository\jakarta\persistence\jakarta.persistence-api\2.2.3\jakarta.persistence-api-2.2.3.jar;C:\Users\eduro\.m2\repository\org\hibernate\hibernate-core\5.4.28.Final\hibernate-core-5.4.28.Final.jar;C:\Users\eduro\.m2\repository\org\jboss\logging\jboss-logging\3.4.1.Final\jboss-logging-3.4.1.Final.jar;C:\Users\eduro\.m2\repository\org\javassist\javassist\3.27.0-GA\javassist-3.27.0-GA.jar;C:\Users\eduro\.m2\repository\net\bytebuddy\byte-buddy\1.10.20\byte-buddy-1.10.20.jar;C:\Users\eduro\.m2\repository\antlr\antlr\2.7.7\antlr-2.7.7.jar;C:\Users\eduro\.m2\repository\org\jboss\jandex\2.2.3.Final\jandex-2.2.3.Final.jar;C:\Users\eduro\.m2\repository\com\fasterxml\classmate\1.5.1\classmate-1.5.1.jar;C:\Users\eduro\.m2\repository\org\dom4j\dom4j\2.1.3\dom4j-2.1.3.jar;C:\Users\eduro\.m2\repository\org\hibernate\common\hibernate-commons-annotations\5.1.2.Final\hibernate-commons-annotations-5.1.2.Final.jar;C:\Users\eduro\.m2\repository\org\glassfish\jaxb\jaxb-runtime\2.3.3\jaxb-runtime-2.3.3.jar;C:\Users\eduro\.m2\repository\org\glassfish\jaxb\txw2\2.3
Launcher Type: SUN_STANDARD

[Global flags]
     intx CICompilerCount                          = 3                                         {product} {ergonomic}
     uint ConcGCThreads                            = 1                                         {product} {ergonomic}
     uint G1ConcRefinementThreads                  = 4                                         {product} {ergonomic}
   size_t G1HeapRegionSize                         = 1048576                                   {product} {ergonomic}
    uintx GCDrainStackTargetSize                   = 64                                        {product} {ergonomic}
   size_t InitialHeapSize                          = 268435456                                 {product} {ergonomic}
   size_t MarkStackSize                            = 4194304                                   {product} {ergonomic}
   size_t MaxHeapSize                              = 4284481536                                {product} {ergonomic}
   size_t MaxNewSize                               = 2570059776                                {product} {ergonomic}
   size_t MinHeapDeltaBytes                        = 1048576                                   {product} {ergonomic}
   size_t MinHeapSize                              = 8388608                                   {product} {ergonomic}
    uintx NonNMethodCodeHeapSize                   = 5832780                                {pd product} {ergonomic}
    uintx NonProfiledCodeHeapSize                  = 122912730                              {pd product} {ergonomic}
    uintx ProfiledCodeHeapSize                     = 122912730                              {pd product} {ergonomic}
    uintx ReservedCodeCacheSize                    = 251658240                              {pd product} {ergonomic}
     bool SegmentedCodeCache                       = true                                      {product} {ergonomic}
     bool ShowCodeDetailsInExceptionMessages       = true                                   {manageable} {command line}
   size_t SoftMaxHeapSize                          = 4284481536                             {manageable} {ergonomic}
     bool UseCompressedClassPointers               = true                                 {lp64_product} {ergonomic}
     bool UseCompressedOops                        = true                                 {lp64_product} {ergonomic}
     bool UseG1GC                                  = true                                      {product} {ergonomic}
     bool UseLargePagesIndividualAllocation        = false                                  {pd product} {ergonomic}

Logging:
Log output configuration:
 #0: stdout all=warning uptime,level,tags
 #1: stderr all=off uptime,level,tags

Environment Variables:
JAVA_HOME=C:\Program Files\Java\jdk1.8.0_271
PATH=C:/Users/eduro/.p2/pool/plugins/org.eclipse.justj.openjdk.hotspot.jre.full.win32.x86_64_14.0.2.v20200815-0932/jre/bin/server;C:/Users/eduro/.p2/pool/plugins/org.eclipse.justj.openjdk.hotspot.jre.full.win32.x86_64_14.0.2.v20200815-0932/jre/bin;C:\Program Files (x86)\Common Files\Oracle\Java\javapath;C:\WINDOWS\system32;C:\WINDOWS;C:\WINDOWS\System32\Wbem;C:\WINDOWS\System32\WindowsPowerShell\v1.0\;C:\WINDOWS\System32\OpenSSH\;C:\Program Files\Java\jdk1.8.0_271\bin;C:\maven\apache-maven-3.6.3\bin;C:\Program Files\Git\cmd;C:\Program Files\nodejs\;C:\Program Files\TortoiseSVN\bin;C:\src\flutter\bin;C:\Users\eduro\AppData\Local\Microsoft\WindowsApps;C:\Users\eduro\AppData\Roaming\npm;C:\Users\eduro\AppData\Local\Programs\Microsoft VS Code\bin;C:\Users\eduro\OneDrive\rea de Trabalho;
USERNAME=eduro
OS=Windows_NT
PROCESSOR_IDENTIFIER=Intel64 Family 6 Model 158 Stepping 9, GenuineIntel



---------------  S Y S T E M  ---------------

OS: Windows 10 , 64 bit Build 19041 (10.0.19041.804)
OS uptime: 1 days 8:29 hours

CPU:total 4 (initial active 4) (4 cores per cpu, 1 threads per core) family 6 model 158 stepping 9, cmov, cx8, fxsr, mmx, sse, sse2, sse3, ssse3, sse4.1, sse4.2, popcnt, avx, avx2, aes, clmul, erms, 3dnowpref, lzcnt, tsc, tscinvbit, bmi1, bmi2, adx, fma

Memory: 4k page, system-wide physical 16342M (9065M free)
TotalPageFile size 18774M (AvailPageFile size 9048M)
current process WorkingSet (physical memory assigned to process): 243M, peak: 243M
current process commit charge ("private bytes"): 297M, peak: 365M

vm_info: OpenJDK 64-Bit Server VM (14.0.2+12-46) for windows-amd64 JRE (14.0.2+12-46), built on Jul  9 2020 00:31:16 by "mach5one" with MS VC++ 15.9 (VS2017)

END.
